<?xml version="1.0" encoding="UTF-8"?>
<testsuite xmlns:xsi="http://www.w3.org/2001/XMLSchema-instance" xsi:noNamespaceSchemaLocation="https://maven.apache.org/surefire/maven-surefire-plugin/xsd/surefire-test-report.xsd" name="cn.itcast.core.test.TestBrandDao" time="6.685" tests="3" errors="0" skipped="0" failures="0">
  <properties>
[...]
</properties>
  <testcase name="testfindBrandByWhere" classname="cn.itcast.core.test.TestBrandDao" time="0.249"/>
  <testcase name="testfindBrandById" classname="cn.itcast.core.test.TestBrandDao" time="0.001"/>
  <testcase name="testfindBrandAll" classname="cn.itcast.core.test.TestBrandDao" time="0.004"/>
</testsuite>